-------------------------------------------------------------------------------
Test set: com.example.demo.UsersApplicationTests
-------------------------------------------------------------------------------
Tests run: 1, Failures: 0, Errors: 1, Skipped: 0, Time elapsed: 0.209 s <<< FAILURE! - in com.example.demo.UsersApplicationTests
com.example.demo.UsersApplicationTests  Time elapsed: 0.207 s  <<< ERROR!
java.lang.IllegalStateException: Unable to find a @SpringBootConfiguration, you need to use @ContextConfiguration or @SpringBootTest(classes=...) with your test

